<?xml version="1.0" encoding="UTF-8"?>
<testsuite xmlns:xsi="http://www.w3.org/2001/XMLSchema-instance" xsi:noNamespaceSchemaLocation="https://maven.apache.org/surefire/maven-surefire-plugin/xsd/surefire-test-report-3.0.xsd" version="3.0" name="TestSuite" time="85.095" tests="6" errors="0" skipped="0" failures="2">
  <properties>
[...]
</properties>
  <testcase name="VerifyRegisteration" classname="com.mystore.testcases.TC_RegisterationPageTest" time="15.051">
    <system-out><![CDATA[[INFO ] 2024-03-19 11:58:58.358 [main] Ecommerce_Project - *******TC-Verify registeration with valid input data started*******
[INFO ] 2024-03-19 11:58:58.360 [main] Ecommerce_Project - url opened
[INFO ] 2024-03-19 11:59:00.278 [main] Ecommerce_Project - Clicked on sign in link
[INFO ] 2024-03-19 11:59:00.356 [main] Ecommerce_Project - Email adddress enetered
[INFO ] 2024-03-19 11:59:00.431 [main] Ecommerce_Project - Clicked on registeration button
[INFO ] 2024-03-19 11:59:02.000 [main] Ecommerce_Project - Entered user details on account creation page
[INFO ] 2024-03-19 11:59:08.369 [main] Ecommerce_Project - clicked on register button
[INFO ] 2024-03-19 11:59:08.397 [main] Ecommerce_Project - Account successfully register
[INFO ] 2024-03-19 11:59:13.405 [main] Ecommerce_Project - *******TC-Verify registeration with valid input data ended*******
]]></system-out>
  </testcase>
  <testcase name="VerifyLogin" classname="com.mystore.testcases.TC_LoginPageTest" time="2.712">
    <failure message="The following asserts failed:&#10;	expected [true] but found [false]" type="java.lang.AssertionError"><![CDATA[java.lang.AssertionError: 
The following asserts failed:
	expected [true] but found [false]
	at org.testng.asserts.SoftAssert.assertAll(SoftAssert.java:47)
	at org.testng.asserts.SoftAssert.assertAll(SoftAssert.java:31)
	at com.mystore.testcases.TC_LoginPageTest.VerifyLogin(TC_LoginPageTest.java:49)
	at java.base/jdk.internal.reflect.DirectMethodHandleAccessor.invoke(DirectMethodHandleAccessor.java:103)
	at java.base/java.lang.reflect.Method.invoke(Method.java:580)
	at org.testng.internal.MethodInvocationHelper.invokeMethod(MethodInvocationHelper.java:132)
	at org.testng.internal.TestInvoker.invokeMethod(TestInvoker.java:599)
	at org.testng.internal.TestInvoker.invokeTestMethod(TestInvoker.java:174)
	at org.testng.internal.MethodRunner.runInSequence(MethodRunner.java:46)
	at org.testng.internal.TestInvoker$MethodInvocationAgent.invoke(TestInvoker.java:822)
	at org.testng.internal.TestInvoker.invokeTestMethods(TestInvoker.java:147)
	at org.testng.internal.TestMethodWorker.invokeTestMethods(TestMethodWorker.java:146)
	at org.testng.internal.TestMethodWorker.run(TestMethodWorker.java:128)
	at java.base/java.util.ArrayList.forEach(ArrayList.java:1596)
	at org.testng.TestRunner.privateRun(TestRunner.java:764)
	at org.testng.TestRunner.run(TestRunner.java:585)
	at org.testng.SuiteRunner.runTest(SuiteRunner.java:384)
	at org.testng.SuiteRunner.runSequentially(SuiteRunner.java:378)
	at org.testng.SuiteRunner.privateRun(SuiteRunner.java:337)
	at org.testng.SuiteRunner.run(SuiteRunner.java:286)
	at org.testng.SuiteRunnerWorker.runSuite(SuiteRunnerWorker.java:53)
	at org.testng.SuiteRunnerWorker.run(SuiteRunnerWorker.java:96)
	at org.testng.TestNG.runSuitesSequentially(TestNG.java:1218)
	at org.testng.TestNG.runSuitesLocally(TestNG.java:1140)
	at org.testng.TestNG.runSuites(TestNG.java:1069)
	at org.testng.TestNG.run(TestNG.java:1037)
	at org.apache.maven.surefire.testng.TestNGExecutor.run(TestNGExecutor.java:308)
	at org.apache.maven.surefire.testng.TestNGXmlTestSuite.execute(TestNGXmlTestSuite.java:71)
	at org.apache.maven.surefire.testng.TestNGProvider.invoke(TestNGProvider.java:113)
	at org.apache.maven.surefire.booter.ForkedBooter.runSuitesInProcess(ForkedBooter.java:385)
	at org.apache.maven.surefire.booter.ForkedBooter.execute(ForkedBooter.java:162)
	at org.apache.maven.surefire.booter.ForkedBooter.run(ForkedBooter.java:507)
	at org.apache.maven.surefire.booter.ForkedBooter.main(ForkedBooter.java:495)
]]></failure>
    <system-out><![CDATA[[INFO ] 2024-03-19 11:59:22.498 [main] Ecommerce_Project - *******TC-Verify login with valid input data started*******
[INFO ] 2024-03-19 11:59:22.498 [main] Ecommerce_Project - url opened
[INFO ] 2024-03-19 11:59:23.793 [main] Ecommerce_Project - Clicked on login button
[INFO ] 2024-03-19 11:59:23.862 [main] Ecommerce_Project - Email entered
[INFO ] 2024-03-19 11:59:23.946 [main] Ecommerce_Project - Entered password
[INFO ] 2024-03-19 11:59:24.961 [main] Ecommerce_Project - Clicked on Login button
[INFO ] 2024-03-19 11:59:24.988 [main] Ecommerce_Project - Verify Login -Failed
[INFO ] 2024-03-19 11:59:25.189 [main] Ecommerce_Project - *******TC-Verify login with valid input data ended*******
]]></system-out>
  </testcase>
  <testcase name="VerifyLoginWithDataProvider[shubham@gmail.com, password, Shubh puri](1)" classname="com.mystore.testcases.TC_LoginPageTestDataDrivenTesting" time="5.344">
    <system-out><![CDATA[[INFO ] 2024-03-19 11:59:35.239 [main] Ecommerce_Project - *******TC-Verify login with Data Driven*******
[INFO ] 2024-03-19 11:59:35.240 [main] Ecommerce_Project - url opened
[INFO ] 2024-03-19 11:59:36.359 [main] Ecommerce_Project - Clicked on login button
[INFO ] 2024-03-19 11:59:36.438 [main] Ecommerce_Project - Email entered
[INFO ] 2024-03-19 11:59:36.510 [main] Ecommerce_Project - Entered password
[INFO ] 2024-03-19 11:59:37.458 [main] Ecommerce_Project - Clicked on Login button
[INFO ] 2024-03-19 11:59:37.489 [main] Ecommerce_Project - Verify Login - Passed
[INFO ] 2024-03-19 11:59:40.582 [main] Ecommerce_Project - *******TC-Verify login with Data Driven*******
]]></system-out>
  </testcase>
  <testcase name="VerifyLoginWithDataProvider[shubham1@gmail.com, password, Shubham Puri](2)" classname="com.mystore.testcases.TC_LoginPageTestDataDrivenTesting" time="4.549">
    <system-out><![CDATA[[INFO ] 2024-03-19 11:59:40.582 [main] Ecommerce_Project - *******TC-Verify login with Data Driven*******
[INFO ] 2024-03-19 11:59:40.582 [main] Ecommerce_Project - url opened
[INFO ] 2024-03-19 11:59:41.268 [main] Ecommerce_Project - Clicked on login button
[INFO ] 2024-03-19 11:59:41.332 [main] Ecommerce_Project - Email entered
[INFO ] 2024-03-19 11:59:41.379 [main] Ecommerce_Project - Entered password
[INFO ] 2024-03-19 11:59:42.099 [main] Ecommerce_Project - Clicked on Login button
[INFO ] 2024-03-19 11:59:42.110 [main] Ecommerce_Project - Verify Login - Passed
[INFO ] 2024-03-19 11:59:45.131 [main] Ecommerce_Project - *******TC-Verify login with Data Driven*******
]]></system-out>
  </testcase>
  <testcase name="VerifySearch" classname="com.mystore.testcases.TC_ProductPageTest" time="4.541">
    <system-out><![CDATA[[INFO ] 2024-03-19 11:59:52.187 [main] Ecommerce_Project - *******TC-Verify search started*******
[INFO ] 2024-03-19 11:59:52.187 [main] Ecommerce_Project - url opened
[INFO ] 2024-03-19 11:59:53.243 [main] Ecommerce_Project - Clicked on login button
[INFO ] 2024-03-19 11:59:53.317 [main] Ecommerce_Project - Email entered
[INFO ] 2024-03-19 11:59:53.390 [main] Ecommerce_Project - Entered password
[INFO ] 2024-03-19 11:59:54.475 [main] Ecommerce_Project - Clicked on Login button
[INFO ] 2024-03-19 11:59:55.359 [main] Ecommerce_Project - Clicked on All product page
[INFO ] 2024-03-19 11:59:56.690 [main] Ecommerce_Project - Clicked on search button
[INFO ] 2024-03-19 11:59:56.727 [main] Ecommerce_Project - Test case - Verify search passed
[INFO ] 2024-03-19 11:59:56.727 [main] Ecommerce_Project - *******TC-Verify search ended*******
]]></system-out>
  </testcase>
  <testcase name="VerifyAddToCart" classname="com.mystore.testcases.TC_ProductPageTest" time="16.157">
    <failure message="element not interactable&#10;  (Session info: chrome=122.0.6261.129)&#10;Build info: version: &apos;4.18.1&apos;, revision: &apos;b1d3319b48&apos;&#10;System info: os.name: &apos;Windows 11&apos;, os.arch: &apos;amd64&apos;, os.version: &apos;10.0&apos;, java.version: &apos;21.0.2&apos;&#10;Driver info: org.openqa.selenium.chrome.ChromeDriver&#10;Command: [90dc35224a9e61c030f7dd7e8c3ce411, clickElement {id=f.986C86732461362436B54C9721AC7561.d.E6991A413682B7B207DE32DFA69CBFCA.e.158}]&#10;Capabilities {acceptInsecureCerts: false, browserName: chrome, browserVersion: 122.0.6261.129, chrome: {chromedriverVersion: 122.0.6261.128 (f18a44fedeb..., userDataDir: C:\Users\Shubh\AppData\Loca...}, fedcm:accounts: true, goog:chromeOptions: {debuggerAddress: localhost:61360}, networkConnectionEnabled: false, pageLoadStrategy: normal, platformName: windows, proxy: Proxy(), se:cdp: ws://localhost:61360/devtoo..., se:cdpVersion: 122.0.6261.129, setWindowRect: true, strictFileInteractability: false, timeouts: {implicit: 0, pageLoad: 300000, script: 30000}, unhandledPromptBehavior: dismiss and notify, webauthn:extension:credBlob: true, webauthn:extension:largeBlob: true, webauthn:extension:minPinLength: true, webauthn:extension:prf: true, webauthn:virtualAuthenticators: true}&#10;Element: [[ChromeDriver: chrome on windows (90dc35224a9e61c030f7dd7e8c3ce411)] -&gt; xpath: //i[@class=&apos;icon-plus&apos;]]&#10;Session ID: 90dc35224a9e61c030f7dd7e8c3ce411" type="org.openqa.selenium.ElementNotInteractableException"><![CDATA[org.openqa.selenium.ElementNotInteractableException: 
element not interactable
  (Session info: chrome=122.0.6261.129)
Build info: version: '4.18.1', revision: 'b1d3319b48'
System info: os.name: 'Windows 11', os.arch: 'amd64', os.version: '10.0', java.version: '21.0.2'
Driver info: org.openqa.selenium.chrome.ChromeDriver
Command: [90dc35224a9e61c030f7dd7e8c3ce411, clickElement {id=f.986C86732461362436B54C9721AC7561.d.E6991A413682B7B207DE32DFA69CBFCA.e.158}]
Capabilities {acceptInsecureCerts: false, browserName: chrome, browserVersion: 122.0.6261.129, chrome: {chromedriverVersion: 122.0.6261.128 (f18a44fedeb..., userDataDir: C:\Users\Shubh\AppData\Loca...}, fedcm:accounts: true, goog:chromeOptions: {debuggerAddress: localhost:61360}, networkConnectionEnabled: false, pageLoadStrategy: normal, platformName: windows, proxy: Proxy(), se:cdp: ws://localhost:61360/devtoo..., se:cdpVersion: 122.0.6261.129, setWindowRect: true, strictFileInteractability: false, timeouts: {implicit: 0, pageLoad: 300000, script: 30000}, unhandledPromptBehavior: dismiss and notify, webauthn:extension:credBlob: true, webauthn:extension:largeBlob: true, webauthn:extension:minPinLength: true, webauthn:extension:prf: true, webauthn:virtualAuthenticators: true}
Element: [[ChromeDriver: chrome on windows (90dc35224a9e61c030f7dd7e8c3ce411)] -> xpath: //i[@class='icon-plus']]
Session ID: 90dc35224a9e61c030f7dd7e8c3ce411
	at java.base/jdk.internal.reflect.DirectConstructorHandleAccessor.newInstance(DirectConstructorHandleAccessor.java:62)
	at java.base/java.lang.reflect.Constructor.newInstanceWithCaller(Constructor.java:502)
	at java.base/java.lang.reflect.Constructor.newInstance(Constructor.java:486)
	at org.openqa.selenium.remote.ErrorCodec.decode(ErrorCodec.java:167)
	at org.openqa.selenium.remote.codec.w3c.W3CHttpResponseCodec.decode(W3CHttpResponseCodec.java:138)
	at org.openqa.selenium.remote.codec.w3c.W3CHttpResponseCodec.decode(W3CHttpResponseCodec.java:50)
	at org.openqa.selenium.remote.HttpCommandExecutor.execute(HttpCommandExecutor.java:190)
	at org.openqa.selenium.remote.service.DriverCommandExecutor.invokeExecute(DriverCommandExecutor.java:216)
	at org.openqa.selenium.remote.service.DriverCommandExecutor.execute(DriverCommandExecutor.java:174)
	at org.openqa.selenium.remote.RemoteWebDriver.execute(RemoteWebDriver.java:519)
	at org.openqa.selenium.remote.RemoteWebElement.execute(RemoteWebElement.java:223)
	at org.openqa.selenium.remote.RemoteWebElement.click(RemoteWebElement.java:76)
	at java.base/jdk.internal.reflect.DirectMethodHandleAccessor.invoke(DirectMethodHandleAccessor.java:103)
	at java.base/java.lang.reflect.Method.invoke(Method.java:580)
	at org.openqa.selenium.support.pagefactory.internal.LocatingElementHandler.invoke(LocatingElementHandler.java:51)
	at jdk.proxy2/jdk.proxy2.$Proxy25.click(Unknown Source)
	at com.mystore.pageobject.ProductDataPage.addQuanity(ProductDataPage.java:42)
	at com.mystore.testcases.TC_ProductPageTest.VerifyAddToCart(TC_ProductPageTest.java:83)
	at java.base/jdk.internal.reflect.DirectMethodHandleAccessor.invoke(DirectMethodHandleAccessor.java:103)
	at java.base/java.lang.reflect.Method.invoke(Method.java:580)
	at org.testng.internal.MethodInvocationHelper.invokeMethod(MethodInvocationHelper.java:132)
	at org.testng.internal.TestInvoker.invokeMethod(TestInvoker.java:599)
	at org.testng.internal.TestInvoker.invokeTestMethod(TestInvoker.java:174)
	at org.testng.internal.MethodRunner.runInSequence(MethodRunner.java:46)
	at org.testng.internal.TestInvoker$MethodInvocationAgent.invoke(TestInvoker.java:822)
	at org.testng.internal.TestInvoker.invokeTestMethods(TestInvoker.java:147)
	at org.testng.internal.TestMethodWorker.invokeTestMethods(TestMethodWorker.java:146)
	at org.testng.internal.TestMethodWorker.run(TestMethodWorker.java:128)
	at java.base/java.util.ArrayList.forEach(ArrayList.java:1596)
	at org.testng.TestRunner.privateRun(TestRunner.java:764)
	at org.testng.TestRunner.run(TestRunner.java:585)
	at org.testng.SuiteRunner.runTest(SuiteRunner.java:384)
	at org.testng.SuiteRunner.runSequentially(SuiteRunner.java:378)
	at org.testng.SuiteRunner.privateRun(SuiteRunner.java:337)
	at org.testng.SuiteRunner.run(SuiteRunner.java:286)
	at org.testng.SuiteRunnerWorker.runSuite(SuiteRunnerWorker.java:53)
	at org.testng.SuiteRunnerWorker.run(SuiteRunnerWorker.java:96)
	at org.testng.TestNG.runSuitesSequentially(TestNG.java:1218)
	at org.testng.TestNG.runSuitesLocally(TestNG.java:1140)
	at org.testng.TestNG.runSuites(TestNG.java:1069)
	at org.testng.TestNG.run(TestNG.java:1037)
	at org.apache.maven.surefire.testng.TestNGExecutor.run(TestNGExecutor.java:308)
	at org.apache.maven.surefire.testng.TestNGXmlTestSuite.execute(TestNGXmlTestSuite.java:71)
	at org.apache.maven.surefire.testng.TestNGProvider.invoke(TestNGProvider.java:113)
	at org.apache.maven.surefire.booter.ForkedBooter.runSuitesInProcess(ForkedBooter.java:385)
	at org.apache.maven.surefire.booter.ForkedBooter.execute(ForkedBooter.java:162)
	at org.apache.maven.surefire.booter.ForkedBooter.run(ForkedBooter.java:507)
	at org.apache.maven.surefire.booter.ForkedBooter.main(ForkedBooter.java:495)
]]></failure>
    <system-out><![CDATA[[INFO ] 2024-03-19 11:59:56.728 [main] Ecommerce_Project - *******TC- Add to cart started*******
[INFO ] 2024-03-19 11:59:58.635 [main] Ecommerce_Project - Clicked on Product
[INFO ] 2024-03-19 11:59:58.773 [main] Ecommerce_Project - Medium size selected
[INFO ] 2024-03-19 12:00:00.850 [main] Ecommerce_Project - Blue color selected
]]></system-out>
  </testcase>
</testsuite>