<?xml version="1.0" encoding="UTF-8"?>
<!-- Generated by org.testng.reporters.JUnitXMLReporter -->
<testsuite ignored="0" hostname="DESKTOP-4U8FD87" failures="1" tests="2" name="Chrome Browser Test" time="22.412" errors="0" timestamp="2024-03-14T20:48:52 IST">
  <testcase classname="com.mystore.testcases.TC_RegisterationPageTest" name="VerifyRegisteration" time="13.734"/>
  <testcase classname="com.mystore.testcases.TC_RegisterationPageTest" name="VerifyRegisteration" time="13.765">
    <failure type="java.lang.NullPointerException" message="Cannot invoke &amp;quot;com.aventstack.extentreports.ExtentReports.createTest(String)&amp;quot; because &amp;quot;this.reports&amp;quot; is null">
      <![CDATA[java.lang.NullPointerException: Cannot invoke "com.aventstack.extentreports.ExtentReports.createTest(String)" because "this.reports" is null
at com.mystore.utilities.ExtentReportListener.onTestSuccess(ExtentReportListener.java:60)
at java.base/java.util.ArrayList.forEach(ArrayList.java:1596)
... Removed 24 stack frames]]>
    </failure>
  </testcase> <!-- VerifyRegisteration -->
</testsuite> <!-- Chrome Browser Test -->
