<?xml version="1.0" encoding="UTF-8"?>
<!-- Generated by org.testng.reporters.JUnitXMLReporter -->
<testsuite ignored="1" hostname="DESKTOP-4U8FD87" failures="0" tests="1" name="Default test" time="26.514" errors="0" timestamp="2024-03-14T18:39:09 IST">
  <testcase classname="com.mystore.testcases.TC_ProductPageTest" name="VerifyAddToCart" time="20.128"/>
  <testcase classname="com.mystore.testcases.TC_ProductPageTest" name="VerifySearch" time="0.0">
    <ignored/>
  </testcase> <!-- VerifySearch -->
</testsuite> <!-- Default test -->
